<?xml version="1.0" encoding="UTF-8"?>
<testsuite name="dk.au.standservice.controller.StandControllerTest" tests="8" skipped="0" failures="0" errors="0" timestamp="2025-05-15T17:00:46" hostname="DESKTOP-V37J23L" time="0.486">
  <properties/>
  <testcase name="testEndpoint()" classname="dk.au.standservice.controller.StandControllerTest" time="0.121"/>
  <testcase name="updateStand_WhenStandExists_ShouldReturnUpdatedStand()" classname="dk.au.standservice.controller.StandControllerTest" time="0.194"/>
  <testcase name="createStand_ShouldReturnCreatedStand()" classname="dk.au.standservice.controller.StandControllerTest" time="0.116"/>
  <testcase name="getStandById_WhenStandDoesNotExist_ShouldReturn404()" classname="dk.au.standservice.controller.StandControllerTest" time="0.006"/>
  <testcase name="updateStand_WhenStandDoesNotExist_ShouldReturn404()" classname="dk.au.standservice.controller.StandControllerTest" time="0.007"/>
  <testcase name="deleteStand_ShouldReturn200()" classname="dk.au.standservice.controller.StandControllerTest" time="0.007"/>
  <testcase name="getStandById_WhenStandExists_ShouldReturnStand()" classname="dk.au.standservice.controller.StandControllerTest" time="0.007"/>
  <testcase name="getAllStands_ShouldReturnListOfStands()" classname="dk.au.standservice.controller.StandControllerTest" time="0.012"/>
  <system-out><![CDATA[19:00:43.779 [Test worker] INFO org.springframework.test.context.support.AnnotationConfigContextLoaderUtils -- Could not detect default configuration classes for test class [dk.au.standservice.controller.StandControllerTest]: StandControllerTest does not declare any static, non-private, non-final, nested classes annotated with @Configuration.
19:00:44.082 [Test worker] INFO org.springframework.boot.test.context.SpringBootTestContextBootstrapper -- Found @SpringBootConfiguration dk.au.standservice.StandServiceApplication for test class dk.au.standservice.controller.StandControllerTest

  .   ____          _            __ _ _
 /\\ / ___'_ __ _ _(_)_ __  __ _ \ \ \ \
( ( )\___ | '_ | '_| | '_ \/ _` | \ \ \ \
 \\/  ___)| |_)| | | | | || (_| |  ) ) ) )
  '  |____| .__|_| |_|_| |_\__, | / / / /
 =========|_|==============|___/=/_/_/_/
 :: Spring Boot ::                (v3.2.3)

2025-05-15T19:00:44.668+02:00  INFO 16828 --- [    Test worker] d.a.s.controller.StandControllerTest     : Starting StandControllerTest using Java 17.0.2 with PID 16828 (started by commc in C:\Users\commc\Documents\Git\bookshop\stand-service\stand-service)
2025-05-15T19:00:44.669+02:00 DEBUG 16828 --- [    Test worker] d.a.s.controller.StandControllerTest     : Running with Spring Boot v3.2.3, Spring v6.1.4
2025-05-15T19:00:44.670+02:00  INFO 16828 --- [    Test worker] d.a.s.controller.StandControllerTest     : No active profile set, falling back to 1 default profile: "default"
2025-05-15T19:00:46.273+02:00  INFO 16828 --- [    Test worker] o.s.b.t.m.w.SpringBootMockServletContext : Initializing Spring TestDispatcherServlet ''
2025-05-15T19:00:46.274+02:00  INFO 16828 --- [    Test worker] o.s.t.web.servlet.TestDispatcherServlet  : Initializing Servlet ''
2025-05-15T19:00:46.279+02:00  INFO 16828 --- [    Test worker] o.s.t.web.servlet.TestDispatcherServlet  : Completed initialization in 3 ms
2025-05-15T19:00:46.320+02:00  INFO 16828 --- [    Test worker] d.a.s.controller.StandControllerTest     : Started StandControllerTest in 2.126 seconds (process running for 5.485)
2025-05-15T19:00:46.760+02:00  INFO 16828 --- [    Test worker] d.a.s.controller.StandController         : Received stand creation request - Raw object: Stand{id=1, customerNumber='CUST001', squareMetres=25.5, fair='Book Fair 2024', location='Hall A, Section 3'}
2025-05-15T19:00:46.767+02:00  INFO 16828 --- [    Test worker] d.a.s.controller.StandController         : All validation passed, creating stand with values - customerNumber: 'CUST001', squareMetres: 25.5, fair: 'Book Fair 2024', location: 'Hall A, Section 3'
2025-05-15T19:00:46.768+02:00  INFO 16828 --- [    Test worker] d.a.s.controller.StandController         : Successfully created stand: Stand{id=1, customerNumber='CUST001', squareMetres=25.5, fair='Book Fair 2024', location='Hall A, Section 3'}
]]></system-out>
  <system-err><![CDATA[]]></system-err>
</testsuite>
